Arguments: 
  /usr/local/bin/node /usr/local/bin/yarn init

PATH: 
  /usr/local/bin:/usr/bin:/bin:/usr/sbin:/sbin:/Users/Robbie/bin:/Users/Robbie/workspace/dotfiles/bin:/usr/local/share/npm/bin:/usr/local/sbin:/Users/Robbie/bin:/Users/Robbie/workspace/dotfiles/bin:/usr/local/share/npm/bin:/usr/local/sbin

Yarn version: 
  1.17.3

Node version: 
  10.15.1

Platform: 
  darwin x64

Trace: 
  Error: canceled
      at Interface.<anonymous> (/usr/local/lib/node_modules/yarn/lib/cli.js:136724:13)
      at Interface.emit (events.js:189:13)
      at Interface._ttyWrite (readline.js:783:16)
      at ReadStream.onkeypress (readline.js:168:10)
      at ReadStream.emit (events.js:189:13)
      at emitKeys (internal/readline.js:424:14)
      at emitKeys.next (<anonymous>)
      at ReadStream.onData (readline.js:1022:36)
      at ReadStream.emit (events.js:189:13)
      at addChunk (_stream_readable.js:284:12)

npm manifest: 
  {
    "name": "jekyll-base",
    "version": "1.0.0",
    "description": "A bare template for Jekyll",
    "scripts": {
      "init": "gem install jekyll bundler",
      "start": "bundle exec jekyll serve",
      "test": "echo \"Error: no test specified\" && exit 1"
    },
    "repository": {
      "type": "git",
      "url": "git+https://github.com/Robbie-Cook/jekyll-base.git"
    },
    "author": "Robbie Cook",
    "license": "ISC",
    "bugs": {
      "url": "https://github.com/Robbie-Cook/jekyll-base/issues"
    },
    "homepage": "https://github.com/Robbie-Cook/jekyll-base#readme"
  }

yarn manifest: 
  No manifest

Lockfile: 
  No lockfile
